<?xml version="1.0" encoding="UTF-8"?>
<!-- Generated by org.testng.reporters.JUnitReportReporter -->
<testsuite hostname="DP" failures="0" tests="1" name="com.qa.testscript.TC_Flipkart_001" time="13.608" errors="0" timestamp="25 Feb 2024 13:35:02 GMT" skipped="0">
  <testcase classname="com.qa.testscript.TC_Flipkart_001" name="Flipkart" time="13.608"/>
</testsuite> <!-- com.qa.testscript.TC_Flipkart_001 -->
